This is pdfTeX, Version 3.14159265-2.6-1.40.20 (TeX Live 2019/Debian) (preloaded format=pdflatex 2020.9.22)  8 NOV 2020 18:34
entering extended mode
 restricted \write18 enabled.
 %&-line parsing enabled.
**main.tex
(./main.tex
LaTeX2e <2020-02-02> patch level 2
L3 programming layer <2020-02-14>
(/usr/share/texlive/texmf-dist/tex/latex/base/book.cls
Document Class: book 2019/12/20 v1.4l Standard LaTeX document class
(/usr/share/texlive/texmf-dist/tex/latex/base/bk12.clo
File: bk12.clo 2019/12/20 v1.4l Standard LaTeX file (size option)
)
\c@part=\count167
\c@chapter=\count168
\c@section=\count169
\c@subsection=\count170
\c@subsubsection=\count171
\c@paragraph=\count172
\c@subparagraph=\count173
\c@figure=\count174
\c@table=\count175
\abovecaptionskip=\skip47
\belowcaptionskip=\skip48
\bibindent=\dimen134
)
(/usr/share/texlive/texmf-dist/tex/latex/base/inputenc.sty
Package: inputenc 2018/08/11 v1.3c Input encoding file
\inpenc@prehook=\toks14
\inpenc@posthook=\toks15
)
(/usr/share/texlive/texmf-dist/tex/latex/graphics/graphicx.sty
Package: graphicx 2019/11/30 v1.2a Enhanced LaTeX Graphics (DPC,SPQR)

(/usr/share/texlive/texmf-dist/tex/latex/graphics/keyval.sty
Package: keyval 2014/10/28 v1.15 key=value parser (DPC)
\KV@toks@=\toks16
)
(/usr/share/texlive/texmf-dist/tex/latex/graphics/graphics.sty
Package: graphics 2019/11/30 v1.4a Standard LaTeX Graphics (DPC,SPQR)

(/usr/share/texlive/texmf-dist/tex/latex/graphics/trig.sty
Package: trig 2016/01/03 v1.10 sin cos tan (DPC)
)
(/usr/share/texlive/texmf-dist/tex/latex/graphics-cfg/graphics.cfg
File: graphics.cfg 2016/06/04 v1.11 sample graphics configuration
)
Package graphics Info: Driver file: pdftex.def on input line 105.

(/usr/share/texlive/texmf-dist/tex/latex/graphics-def/pdftex.def
File: pdftex.def 2018/01/08 v1.0l Graphics/color driver for pdftex
))
\Gin@req@height=\dimen135
\Gin@req@width=\dimen136
)
(/usr/share/texlive/texmf-dist/tex/latex/tools/array.sty
Package: array 2019/08/31 v2.4l Tabular extension package (FMi)
\col@sep=\dimen137
\ar@mcellbox=\box45
\extrarowheight=\dimen138
\NC@list=\toks17
\extratabsurround=\skip49
\backup@length=\skip50
\ar@cellbox=\box46
)
(/usr/share/texlive/texmf-dist/tex/latex/amsmath/amsmath.sty
Package: amsmath 2020/01/20 v2.17e AMS math features
\@mathmargin=\skip51

For additional information on amsmath, use the `?' option.
(/usr/share/texlive/texmf-dist/tex/latex/amsmath/amstext.sty
Package: amstext 2000/06/29 v2.01 AMS text

(/usr/share/texlive/texmf-dist/tex/latex/amsmath/amsgen.sty
File: amsgen.sty 1999/11/30 v2.0 generic functions
\@emptytoks=\toks18
\ex@=\dimen139
))
(/usr/share/texlive/texmf-dist/tex/latex/amsmath/amsbsy.sty
Package: amsbsy 1999/11/29 v1.2d Bold Symbols
\pmbraise@=\dimen140
)
(/usr/share/texlive/texmf-dist/tex/latex/amsmath/amsopn.sty
Package: amsopn 2016/03/08 v2.02 operator names
)
\inf@bad=\count176
LaTeX Info: Redefining \frac on input line 227.
\uproot@=\count177
\leftroot@=\count178
LaTeX Info: Redefining \overline on input line 389.
\classnum@=\count179
\DOTSCASE@=\count180
LaTeX Info: Redefining \ldots on input line 486.
LaTeX Info: Redefining \dots on input line 489.
LaTeX Info: Redefining \cdots on input line 610.
\Mathstrutbox@=\box47
\strutbox@=\box48
\big@size=\dimen141
LaTeX Font Info:    Redeclaring font encoding OML on input line 733.
LaTeX Font Info:    Redeclaring font encoding OMS on input line 734.
\macc@depth=\count181
\c@MaxMatrixCols=\count182
\dotsspace@=\muskip16
\c@parentequation=\count183
\dspbrk@lvl=\count184
\tag@help=\toks19
\row@=\count185
\column@=\count186
\maxfields@=\count187
\andhelp@=\toks20
\eqnshift@=\dimen142
\alignsep@=\dimen143
\tagshift@=\dimen144
\tagwidth@=\dimen145
\totwidth@=\dimen146
\lineht@=\dimen147
\@envbody=\toks21
\multlinegap=\skip52
\multlinetaggap=\skip53
\mathdisplay@stack=\toks22
LaTeX Info: Redefining \[ on input line 2859.
LaTeX Info: Redefining \] on input line 2860.
)
(/usr/share/texlive/texmf-dist/tex/latex/amscls/amsthm.sty
Package: amsthm 2017/10/31 v2.20.4
\thm@style=\toks23
\thm@bodyfont=\toks24
\thm@headfont=\toks25
\thm@notefont=\toks26
\thm@headpunct=\toks27
\thm@preskip=\skip54
\thm@postskip=\skip55
\thm@headsep=\skip56
\dth@everypar=\toks28
)
(/usr/share/texlive/texmf-dist/tex/latex/tcolorbox/tcolorbox.sty
Package: tcolorbox 2019/11/15 version 4.22 text color boxes

(/usr/share/texlive/texmf-dist/tex/latex/pgf/basiclayer/pgf.sty
(/usr/share/texlive/texmf-dist/tex/latex/pgf/utilities/pgfrcs.sty
(/usr/share/texlive/texmf-dist/tex/generic/pgf/utilities/pgfutil-common.tex
\pgfutil@everybye=\toks29
\pgfutil@tempdima=\dimen148
\pgfutil@tempdimb=\dimen149

(/usr/share/texlive/texmf-dist/tex/generic/pgf/utilities/pgfutil-common-lists.t
ex)) (/usr/share/texlive/texmf-dist/tex/generic/pgf/utilities/pgfutil-latex.def
\pgfutil@abb=\box49
(/usr/share/texlive/texmf-dist/tex/latex/ms/everyshi.sty
Package: everyshi 2001/05/15 v3.00 EveryShipout Package (MS)
))
(/usr/share/texlive/texmf-dist/tex/generic/pgf/utilities/pgfrcs.code.tex
(/usr/share/texlive/texmf-dist/tex/generic/pgf/pgf.revision.tex)
Package: pgfrcs 2020/01/08 v3.1.5b (3.1.5b)
))
Package: pgf 2020/01/08 v3.1.5b (3.1.5b)

(/usr/share/texlive/texmf-dist/tex/latex/pgf/basiclayer/pgfcore.sty
(/usr/share/texlive/texmf-dist/tex/latex/pgf/systemlayer/pgfsys.sty
(/usr/share/texlive/texmf-dist/tex/generic/pgf/systemlayer/pgfsys.code.tex
Package: pgfsys 2020/01/08 v3.1.5b (3.1.5b)

(/usr/share/texlive/texmf-dist/tex/generic/pgf/utilities/pgfkeys.code.tex
\pgfkeys@pathtoks=\toks30
\pgfkeys@temptoks=\toks31

(/usr/share/texlive/texmf-dist/tex/generic/pgf/utilities/pgfkeysfiltered.code.t
ex
\pgfkeys@tmptoks=\toks32
))
\pgf@x=\dimen150
\pgf@y=\dimen151
\pgf@xa=\dimen152
\pgf@ya=\dimen153
\pgf@xb=\dimen154
\pgf@yb=\dimen155
\pgf@xc=\dimen156
\pgf@yc=\dimen157
\pgf@xd=\dimen158
\pgf@yd=\dimen159
\w@pgf@writea=\write3
\r@pgf@reada=\read2
\c@pgf@counta=\count188
\c@pgf@countb=\count189
\c@pgf@countc=\count190
\c@pgf@countd=\count191
\t@pgf@toka=\toks33
\t@pgf@tokb=\toks34
\t@pgf@tokc=\toks35
\pgf@sys@id@count=\count192
 (/usr/share/texlive/texmf-dist/tex/generic/pgf/systemlayer/pgf.cfg
File: pgf.cfg 2020/01/08 v3.1.5b (3.1.5b)
)
Driver file for pgf: pgfsys-pdftex.def

(/usr/share/texlive/texmf-dist/tex/generic/pgf/systemlayer/pgfsys-pdftex.def
File: pgfsys-pdftex.def 2020/01/08 v3.1.5b (3.1.5b)

(/usr/share/texlive/texmf-dist/tex/generic/pgf/systemlayer/pgfsys-common-pdf.de
f
File: pgfsys-common-pdf.def 2020/01/08 v3.1.5b (3.1.5b)
)))
(/usr/share/texlive/texmf-dist/tex/generic/pgf/systemlayer/pgfsyssoftpath.code.
tex
File: pgfsyssoftpath.code.tex 2020/01/08 v3.1.5b (3.1.5b)
\pgfsyssoftpath@smallbuffer@items=\count193
\pgfsyssoftpath@bigbuffer@items=\count194
)
(/usr/share/texlive/texmf-dist/tex/generic/pgf/systemlayer/pgfsysprotocol.code.
tex
File: pgfsysprotocol.code.tex 2020/01/08 v3.1.5b (3.1.5b)
)) (/usr/share/texlive/texmf-dist/tex/latex/xcolor/xcolor.sty
Package: xcolor 2016/05/11 v2.12 LaTeX color extensions (UK)

(/usr/share/texlive/texmf-dist/tex/latex/graphics-cfg/color.cfg
File: color.cfg 2016/01/02 v1.6 sample color configuration
)
Package xcolor Info: Driver file: pdftex.def on input line 225.
Package xcolor Info: Model `cmy' substituted by `cmy0' on input line 1348.
Package xcolor Info: Model `hsb' substituted by `rgb' on input line 1352.
Package xcolor Info: Model `RGB' extended on input line 1364.
Package xcolor Info: Model `HTML' substituted by `rgb' on input line 1366.
Package xcolor Info: Model `Hsb' substituted by `hsb' on input line 1367.
Package xcolor Info: Model `tHsb' substituted by `hsb' on input line 1368.
Package xcolor Info: Model `HSB' substituted by `hsb' on input line 1369.
Package xcolor Info: Model `Gray' substituted by `gray' on input line 1370.
Package xcolor Info: Model `wave' substituted by `hsb' on input line 1371.
)
(/usr/share/texlive/texmf-dist/tex/generic/pgf/basiclayer/pgfcore.code.tex
Package: pgfcore 2020/01/08 v3.1.5b (3.1.5b)

(/usr/share/texlive/texmf-dist/tex/generic/pgf/math/pgfmath.code.tex
(/usr/share/texlive/texmf-dist/tex/generic/pgf/math/pgfmathcalc.code.tex
(/usr/share/texlive/texmf-dist/tex/generic/pgf/math/pgfmathutil.code.tex)
(/usr/share/texlive/texmf-dist/tex/generic/pgf/math/pgfmathparser.code.tex
\pgfmath@dimen=\dimen160
\pgfmath@count=\count195
\pgfmath@box=\box50
\pgfmath@toks=\toks36
\pgfmath@stack@operand=\toks37
\pgfmath@stack@operation=\toks38
)
(/usr/share/texlive/texmf-dist/tex/generic/pgf/math/pgfmathfunctions.code.tex
(/usr/share/texlive/texmf-dist/tex/generic/pgf/math/pgfmathfunctions.basic.code
.tex)
(/usr/share/texlive/texmf-dist/tex/generic/pgf/math/pgfmathfunctions.trigonomet
ric.code.tex)
(/usr/share/texlive/texmf-dist/tex/generic/pgf/math/pgfmathfunctions.random.cod
e.tex)
(/usr/share/texlive/texmf-dist/tex/generic/pgf/math/pgfmathfunctions.comparison
.code.tex)
(/usr/share/texlive/texmf-dist/tex/generic/pgf/math/pgfmathfunctions.base.code.
tex)
(/usr/share/texlive/texmf-dist/tex/generic/pgf/math/pgfmathfunctions.round.code
.tex)
(/usr/share/texlive/texmf-dist/tex/generic/pgf/math/pgfmathfunctions.misc.code.
tex)
(/usr/share/texlive/texmf-dist/tex/generic/pgf/math/pgfmathfunctions.integerari
thmetics.code.tex)))
(/usr/share/texlive/texmf-dist/tex/generic/pgf/math/pgfmathfloat.code.tex
\c@pgfmathroundto@lastzeros=\count196
))
(/usr/share/texlive/texmf-dist/tex/generic/pgf/math/pgfint.code.tex)
(/usr/share/texlive/texmf-dist/tex/generic/pgf/basiclayer/pgfcorepoints.code.te
x
File: pgfcorepoints.code.tex 2020/01/08 v3.1.5b (3.1.5b)
\pgf@picminx=\dimen161
\pgf@picmaxx=\dimen162
\pgf@picminy=\dimen163
\pgf@picmaxy=\dimen164
\pgf@pathminx=\dimen165
\pgf@pathmaxx=\dimen166
\pgf@pathminy=\dimen167
\pgf@pathmaxy=\dimen168
\pgf@xx=\dimen169
\pgf@xy=\dimen170
\pgf@yx=\dimen171
\pgf@yy=\dimen172
\pgf@zx=\dimen173
\pgf@zy=\dimen174
)
(/usr/share/texlive/texmf-dist/tex/generic/pgf/basiclayer/pgfcorepathconstruct.
code.tex
File: pgfcorepathconstruct.code.tex 2020/01/08 v3.1.5b (3.1.5b)
\pgf@path@lastx=\dimen175
\pgf@path@lasty=\dimen176
)
(/usr/share/texlive/texmf-dist/tex/generic/pgf/basiclayer/pgfcorepathusage.code
.tex
File: pgfcorepathusage.code.tex 2020/01/08 v3.1.5b (3.1.5b)
\pgf@shorten@end@additional=\dimen177
\pgf@shorten@start@additional=\dimen178
)
(/usr/share/texlive/texmf-dist/tex/generic/pgf/basiclayer/pgfcorescopes.code.te
x
File: pgfcorescopes.code.tex 2020/01/08 v3.1.5b (3.1.5b)
\pgfpic=\box51
\pgf@hbox=\box52
\pgf@layerbox@main=\box53
\pgf@picture@serial@count=\count197
)
(/usr/share/texlive/texmf-dist/tex/generic/pgf/basiclayer/pgfcoregraphicstate.c
ode.tex
File: pgfcoregraphicstate.code.tex 2020/01/08 v3.1.5b (3.1.5b)
\pgflinewidth=\dimen179
)
(/usr/share/texlive/texmf-dist/tex/generic/pgf/basiclayer/pgfcoretransformation
s.code.tex
File: pgfcoretransformations.code.tex 2020/01/08 v3.1.5b (3.1.5b)
\pgf@pt@x=\dimen180
\pgf@pt@y=\dimen181
\pgf@pt@temp=\dimen182
)
(/usr/share/texlive/texmf-dist/tex/generic/pgf/basiclayer/pgfcorequick.code.tex
File: pgfcorequick.code.tex 2020/01/08 v3.1.5b (3.1.5b)
)
(/usr/share/texlive/texmf-dist/tex/generic/pgf/basiclayer/pgfcoreobjects.code.t
ex
File: pgfcoreobjects.code.tex 2020/01/08 v3.1.5b (3.1.5b)
)
(/usr/share/texlive/texmf-dist/tex/generic/pgf/basiclayer/pgfcorepathprocessing
.code.tex
File: pgfcorepathprocessing.code.tex 2020/01/08 v3.1.5b (3.1.5b)
)
(/usr/share/texlive/texmf-dist/tex/generic/pgf/basiclayer/pgfcorearrows.code.te
x
File: pgfcorearrows.code.tex 2020/01/08 v3.1.5b (3.1.5b)
\pgfarrowsep=\dimen183
)
(/usr/share/texlive/texmf-dist/tex/generic/pgf/basiclayer/pgfcoreshade.code.tex
File: pgfcoreshade.code.tex 2020/01/08 v3.1.5b (3.1.5b)
\pgf@max=\dimen184
\pgf@sys@shading@range@num=\count198
\pgf@shadingcount=\count199
)
(/usr/share/texlive/texmf-dist/tex/generic/pgf/basiclayer/pgfcoreimage.code.tex
File: pgfcoreimage.code.tex 2020/01/08 v3.1.5b (3.1.5b)

(/usr/share/texlive/texmf-dist/tex/generic/pgf/basiclayer/pgfcoreexternal.code.
tex
File: pgfcoreexternal.code.tex 2020/01/08 v3.1.5b (3.1.5b)
\pgfexternal@startupbox=\box54
))
(/usr/share/texlive/texmf-dist/tex/generic/pgf/basiclayer/pgfcorelayers.code.te
x
File: pgfcorelayers.code.tex 2020/01/08 v3.1.5b (3.1.5b)
)
(/usr/share/texlive/texmf-dist/tex/generic/pgf/basiclayer/pgfcoretransparency.c
ode.tex
File: pgfcoretransparency.code.tex 2020/01/08 v3.1.5b (3.1.5b)
)
(/usr/share/texlive/texmf-dist/tex/generic/pgf/basiclayer/pgfcorepatterns.code.
tex
File: pgfcorepatterns.code.tex 2020/01/08 v3.1.5b (3.1.5b)
)
(/usr/share/texlive/texmf-dist/tex/generic/pgf/basiclayer/pgfcorerdf.code.tex
File: pgfcorerdf.code.tex 2020/01/08 v3.1.5b (3.1.5b)
)))
(/usr/share/texlive/texmf-dist/tex/generic/pgf/modules/pgfmoduleshapes.code.tex
File: pgfmoduleshapes.code.tex 2020/01/08 v3.1.5b (3.1.5b)
\pgfnodeparttextbox=\box55
) (/usr/share/texlive/texmf-dist/tex/generic/pgf/modules/pgfmoduleplot.code.tex
File: pgfmoduleplot.code.tex 2020/01/08 v3.1.5b (3.1.5b)
)
(/usr/share/texlive/texmf-dist/tex/latex/pgf/compatibility/pgfcomp-version-0-65
.sty
Package: pgfcomp-version-0-65 2020/01/08 v3.1.5b (3.1.5b)
\pgf@nodesepstart=\dimen185
\pgf@nodesepend=\dimen186
)
(/usr/share/texlive/texmf-dist/tex/latex/pgf/compatibility/pgfcomp-version-1-18
.sty
Package: pgfcomp-version-1-18 2020/01/08 v3.1.5b (3.1.5b)
)) (/usr/share/texlive/texmf-dist/tex/latex/tools/verbatim.sty
Package: verbatim 2019/11/10 v1.5r LaTeX2e package for verbatim enhancements
\every@verbatim=\toks39
\verbatim@line=\toks40
\verbatim@in@stream=\read3
)
(/usr/share/texlive/texmf-dist/tex/latex/environ/environ.sty
Package: environ 2014/05/04 v0.3 A new way to define environments

(/usr/share/texlive/texmf-dist/tex/latex/trimspaces/trimspaces.sty
Package: trimspaces 2009/09/17 v1.1 Trim spaces around a token list
))
(/usr/share/texlive/texmf-dist/tex/latex/etoolbox/etoolbox.sty
Package: etoolbox 2019/09/21 v2.5h e-TeX tools for LaTeX (JAW)
\etb@tempcnta=\count266
)
\tcb@titlebox=\box56
\tcb@upperbox=\box57
\tcb@lowerbox=\box58
\tcb@phantombox=\box59
\c@tcbbreakpart=\count267
\c@tcblayer=\count268
\tcolorbox@number=\count269
\tcb@temp=\box60
\tcb@temp=\box61
\tcb@temp=\box62
\tcb@temp=\box63
\tcb@out=\write4
\tcb@record@out=\write5
)
(/usr/share/texlive/texmf-dist/tex/latex/pgfplots/pgfplots.sty
(/usr/share/texlive/texmf-dist/tex/generic/pgfplots/pgfplots.revision.tex)
Package: pgfplots 2018/03/28 v1.16 Data Visualization (1.16)

(/usr/share/texlive/texmf-dist/tex/latex/pgf/frontendlayer/tikz.sty
(/usr/share/texlive/texmf-dist/tex/latex/pgf/utilities/pgffor.sty
(/usr/share/texlive/texmf-dist/tex/latex/pgf/utilities/pgfkeys.sty
(/usr/share/texlive/texmf-dist/tex/generic/pgf/utilities/pgfkeys.code.tex))
(/usr/share/texlive/texmf-dist/tex/latex/pgf/math/pgfmath.sty
(/usr/share/texlive/texmf-dist/tex/generic/pgf/math/pgfmath.code.tex))
(/usr/share/texlive/texmf-dist/tex/generic/pgf/utilities/pgffor.code.tex
Package: pgffor 2020/01/08 v3.1.5b (3.1.5b)

(/usr/share/texlive/texmf-dist/tex/generic/pgf/math/pgfmath.code.tex)
\pgffor@iter=\dimen187
\pgffor@skip=\dimen188
\pgffor@stack=\toks41
\pgffor@toks=\toks42
))
(/usr/share/texlive/texmf-dist/tex/generic/pgf/frontendlayer/tikz/tikz.code.tex
Package: tikz 2020/01/08 v3.1.5b (3.1.5b)

(/usr/share/texlive/texmf-dist/tex/generic/pgf/libraries/pgflibraryplothandlers
.code.tex
File: pgflibraryplothandlers.code.tex 2020/01/08 v3.1.5b (3.1.5b)
\pgf@plot@mark@count=\count270
\pgfplotmarksize=\dimen189
)
\tikz@lastx=\dimen190
\tikz@lasty=\dimen191
\tikz@lastxsaved=\dimen192
\tikz@lastysaved=\dimen193
\tikz@lastmovetox=\dimen194
\tikz@lastmovetoy=\dimen195
\tikzleveldistance=\dimen196
\tikzsiblingdistance=\dimen197
\tikz@figbox=\box64
\tikz@figbox@bg=\box65
\tikz@tempbox=\box66
\tikz@tempbox@bg=\box67
\tikztreelevel=\count271
\tikznumberofchildren=\count272
\tikznumberofcurrentchild=\count273
\tikz@fig@count=\count274

(/usr/share/texlive/texmf-dist/tex/generic/pgf/modules/pgfmodulematrix.code.tex
File: pgfmodulematrix.code.tex 2020/01/08 v3.1.5b (3.1.5b)
\pgfmatrixcurrentrow=\count275
\pgfmatrixcurrentcolumn=\count276
\pgf@matrix@numberofcolumns=\count277
)
\tikz@expandcount=\count278

(/usr/share/texlive/texmf-dist/tex/generic/pgf/frontendlayer/tikz/libraries/tik
zlibrarytopaths.code.tex
File: tikzlibrarytopaths.code.tex 2020/01/08 v3.1.5b (3.1.5b)
)))
(/usr/share/texlive/texmf-dist/tex/generic/pgfplots/pgfplots.code.tex
(/usr/share/texlive/texmf-dist/tex/generic/pgfplots/pgfplotscore.code.tex
\t@pgfplots@toka=\toks43
\t@pgfplots@tokb=\toks44
\t@pgfplots@tokc=\toks45
\pgfplots@tmpa=\dimen198
\c@pgfplots@coordindex=\count279
\c@pgfplots@scanlineindex=\count280

(/usr/share/texlive/texmf-dist/tex/generic/pgfplots/sys/pgfplotssysgeneric.code
.tex))
(/usr/share/texlive/texmf-dist/tex/generic/pgfplots/libs/pgfplotslibrary.code.t
ex)
(/usr/share/texlive/texmf-dist/tex/generic/pgfplots/oldpgfcompatib/pgfplotsoldp
gfsupp_loader.code.tex
(/usr/share/texlive/texmf-dist/tex/generic/pgf/libraries/pgflibraryfpu.code.tex
))
(/usr/share/texlive/texmf-dist/tex/generic/pgfplots/util/pgfplotsutil.code.tex
(/usr/share/texlive/texmf-dist/tex/generic/pgfplots/liststructure/pgfplotslists
tructure.code.tex)
(/usr/share/texlive/texmf-dist/tex/generic/pgfplots/liststructure/pgfplotslists
tructureext.code.tex)
(/usr/share/texlive/texmf-dist/tex/generic/pgfplots/liststructure/pgfplotsarray
.code.tex
\c@pgfplotsarray@tmp=\count281
)
(/usr/share/texlive/texmf-dist/tex/generic/pgfplots/liststructure/pgfplotsmatri
x.code.tex)
(/usr/share/texlive/texmf-dist/tex/generic/pgfplots/numtable/pgfplotstableshare
d.code.tex
\c@pgfplotstable@counta=\count282
\t@pgfplotstable@a=\toks46
)
(/usr/share/texlive/texmf-dist/tex/generic/pgfplots/liststructure/pgfplotsdeque
.code.tex)
(/usr/share/texlive/texmf-dist/tex/generic/pgfplots/util/pgfplotsbinary.code.te
x
(/usr/share/texlive/texmf-dist/tex/generic/pgfplots/util/pgfplotsbinary.data.co
de.tex))
(/usr/share/texlive/texmf-dist/tex/generic/pgfplots/util/pgfplotsutil.verb.code
.tex)
(/usr/share/texlive/texmf-dist/tex/generic/pgfplots/libs/pgflibrarypgfplots.sur
fshading.code.tex
\c@pgfplotslibrarysurf@no=\count283

(/usr/share/texlive/texmf-dist/tex/generic/pgfplots/sys/pgflibrarypgfplots.surf
shading.pgfsys-pdftex.def)))
(/usr/share/texlive/texmf-dist/tex/generic/pgfplots/util/pgfplotscolormap.code.
tex
(/usr/share/texlive/texmf-dist/tex/generic/pgfplots/util/pgfplotscolor.code.tex
))
(/usr/share/texlive/texmf-dist/tex/generic/pgfplots/pgfplotsstackedplots.code.t
ex)
(/usr/share/texlive/texmf-dist/tex/generic/pgfplots/pgfplotsplothandlers.code.t
ex
(/usr/share/texlive/texmf-dist/tex/generic/pgfplots/pgfplotsmeshplothandler.cod
e.tex
(/usr/share/texlive/texmf-dist/tex/generic/pgfplots/pgfplotsmeshplotimage.code.
tex)))
(/usr/share/texlive/texmf-dist/tex/generic/pgfplots/pgfplots.scaling.code.tex)
(/usr/share/texlive/texmf-dist/tex/generic/pgfplots/pgfplotscoordprocessing.cod
e.tex)
(/usr/share/texlive/texmf-dist/tex/generic/pgfplots/pgfplots.errorbars.code.tex
) (/usr/share/texlive/texmf-dist/tex/generic/pgfplots/pgfplots.markers.code.tex
) (/usr/share/texlive/texmf-dist/tex/generic/pgfplots/pgfplotsticks.code.tex)
(/usr/share/texlive/texmf-dist/tex/generic/pgfplots/pgfplots.paths.code.tex)
(/usr/share/texlive/texmf-dist/tex/generic/pgf/frontendlayer/tikz/libraries/tik
zlibrarydecorations.code.tex
(/usr/share/texlive/texmf-dist/tex/generic/pgf/modules/pgfmoduledecorations.cod
e.tex
\pgfdecoratedcompleteddistance=\dimen199
\pgfdecoratedremainingdistance=\dimen256
\pgfdecoratedinputsegmentcompleteddistance=\dimen257
\pgfdecoratedinputsegmentremainingdistance=\dimen258
\pgf@decorate@distancetomove=\dimen259
\pgf@decorate@repeatstate=\count284
\pgfdecorationsegmentamplitude=\dimen260
\pgfdecorationsegmentlength=\dimen261
)
\tikz@lib@dec@box=\box68
)
(/usr/share/texlive/texmf-dist/tex/generic/pgf/frontendlayer/tikz/libraries/tik
zlibrarydecorations.pathmorphing.code.tex
(/usr/share/texlive/texmf-dist/tex/generic/pgf/libraries/decorations/pgflibrary
decorations.pathmorphing.code.tex))
(/usr/share/texlive/texmf-dist/tex/generic/pgf/frontendlayer/tikz/libraries/tik
zlibrarydecorations.pathreplacing.code.tex
(/usr/share/texlive/texmf-dist/tex/generic/pgf/libraries/decorations/pgflibrary
decorations.pathreplacing.code.tex))
\pgfplots@numplots=\count285
\pgfplots@xmin@reg=\dimen262
\pgfplots@xmax@reg=\dimen263
\pgfplots@ymin@reg=\dimen264
\pgfplots@ymax@reg=\dimen265
\pgfplots@zmin@reg=\dimen266
\pgfplots@zmax@reg=\dimen267
)
(/usr/share/texlive/texmf-dist/tex/generic/pgf/frontendlayer/tikz/libraries/tik
zlibraryplotmarks.code.tex
File: tikzlibraryplotmarks.code.tex 2020/01/08 v3.1.5b (3.1.5b)

(/usr/share/texlive/texmf-dist/tex/generic/pgf/libraries/pgflibraryplotmarks.co
de.tex
File: pgflibraryplotmarks.code.tex 2020/01/08 v3.1.5b (3.1.5b)
))) (/usr/share/texlive/texmf-dist/tex/latex/tools/multicol.sty
Package: multicol 2019/12/09 v1.8y multicolumn formatting (FMi)
\c@tracingmulticols=\count286
\mult@box=\box69
\multicol@leftmargin=\dimen268
\c@unbalance=\count287
\c@collectmore=\count288
\doublecol@number=\count289
\multicoltolerance=\count290
\multicolpretolerance=\count291
\full@width=\dimen269
\page@free=\dimen270
\premulticols=\dimen271
\postmulticols=\dimen272
\multicolsep=\skip57
\multicolbaselineskip=\skip58
\partial@page=\box70
\last@line=\box71
\maxbalancingoverflow=\dimen273
\mult@rightbox=\box72
\mult@grightbox=\box73
\mult@gfirstbox=\box74
\mult@firstbox=\box75
\@tempa=\box76
\@tempa=\box77
\@tempa=\box78
\@tempa=\box79
\@tempa=\box80
\@tempa=\box81
\@tempa=\box82
\@tempa=\box83
\@tempa=\box84
\@tempa=\box85
\@tempa=\box86
\@tempa=\box87
\@tempa=\box88
\@tempa=\box89
\@tempa=\box90
\@tempa=\box91
\@tempa=\box92
\@tempa=\box93
\@tempa=\box94
\@tempa=\box95
\@tempa=\box96
\@tempa=\box97
\@tempa=\box98
\@tempa=\box99
\@tempa=\box100
\@tempa=\box101
\@tempa=\box102
\@tempa=\box103
\@tempa=\box104
\@tempa=\box105
\@tempa=\box106
\@tempa=\box107
\@tempa=\box108
\@tempa=\box109
\@tempa=\box110
\@tempa=\box111
\@tempa=\box112
\c@minrows=\count292
\c@columnbadness=\count293
\c@finalcolumnbadness=\count294
\last@try=\dimen274
\multicolovershoot=\dimen275
\multicolundershoot=\dimen276
\mult@nat@firstbox=\box113
\colbreak@box=\box114
\mc@col@check@num=\count295
)
(/usr/share/texlive/texmf-dist/tex/latex/cancel/cancel.sty
Package: cancel 2013/04/12 v2.2 Cancel math terms
)
(/usr/share/texlive/texmf-dist/tex/latex/soul/soul.sty
Package: soul 2003/11/17 v2.4 letterspacing/underlining (mf)
\SOUL@word=\toks47
\SOUL@lasttoken=\toks48
\SOUL@cmds=\toks49
\SOUL@buffer=\toks50
\SOUL@token=\toks51
\SOUL@spaceskip=\skip59
\SOUL@ttwidth=\dimen277
\SOUL@uldp=\dimen278
\SOUL@ulht=\dimen279
)
(/usr/share/texlive/texmf-dist/tex/latex/amsfonts/amssymb.sty
Package: amssymb 2013/01/14 v3.01 AMS font symbols

(/usr/share/texlive/texmf-dist/tex/latex/amsfonts/amsfonts.sty
Package: amsfonts 2013/01/14 v3.01 Basic AMSFonts support
\symAMSa=\mathgroup4
\symAMSb=\mathgroup5
LaTeX Font Info:    Redeclaring math symbol \hbar on input line 98.
LaTeX Font Info:    Overwriting math alphabet `\mathfrak' in version `bold'
(Font)                  U/euf/m/n --> U/euf/b/n on input line 106.
))
(/usr/share/texlive/texmf-dist/tex/latex/mathtools/mathtools.sty
Package: mathtools 2020/01/17 v1.23 mathematical typesetting tools

(/usr/share/texlive/texmf-dist/tex/latex/tools/calc.sty
Package: calc 2017/05/25 v4.3 Infix arithmetic (KKT,FJ)
\calc@Acount=\count296
\calc@Bcount=\count297
\calc@Adimen=\dimen280
\calc@Bdimen=\dimen281
\calc@Askip=\skip60
\calc@Bskip=\skip61
LaTeX Info: Redefining \setlength on input line 80.
LaTeX Info: Redefining \addtolength on input line 81.
\calc@Ccount=\count298
\calc@Cskip=\skip62
)
(/usr/share/texlive/texmf-dist/tex/latex/mathtools/mhsetup.sty
Package: mhsetup 2017/03/31 v1.3 programming setup (MH)
)
LaTeX Info: Thecontrolsequence`\('isalreadyrobust on input line 129.
LaTeX Info: Thecontrolsequence`\)'isalreadyrobust on input line 129.
LaTeX Info: Thecontrolsequence`\['isalreadyrobust on input line 129.
LaTeX Info: Thecontrolsequence`\]'isalreadyrobust on input line 129.
\g_MT_multlinerow_int=\count299
\l_MT_multwidth_dim=\dimen282
\origjot=\skip63
\l_MT_shortvdotswithinadjustabove_dim=\dimen283
\l_MT_shortvdotswithinadjustbelow_dim=\dimen284
\l_MT_above_intertext_sep=\dimen285
\l_MT_below_intertext_sep=\dimen286
\l_MT_above_shortintertext_sep=\dimen287
\l_MT_below_shortintertext_sep=\dimen288
)
(/usr/share/texlive/texmf-dist/tex/latex/l3backend/l3backend-pdfmode.def
File: l3backend-pdfmode.def 2020-02-03 L3 backend support: PDF mode
\l__kernel_color_stack_int=\count300
\l__pdf_internal_box=\box115
)
(./main.aux)
\openout1 = `main.aux'.

LaTeX Font Info:    Checking defaults for OML/cmm/m/it on input line 31.
LaTeX Font Info:    ... okay on input line 31.
LaTeX Font Info:    Checking defaults for OMS/cmsy/m/n on input line 31.
LaTeX Font Info:    ... okay on input line 31.
LaTeX Font Info:    Checking defaults for OT1/cmr/m/n on input line 31.
LaTeX Font Info:    ... okay on input line 31.
LaTeX Font Info:    Checking defaults for T1/cmr/m/n on input line 31.
LaTeX Font Info:    ... okay on input line 31.
LaTeX Font Info:    Checking defaults for TS1/cmr/m/n on input line 31.
LaTeX Font Info:    ... okay on input line 31.
LaTeX Font Info:    Checking defaults for OMX/cmex/m/n on input line 31.
LaTeX Font Info:    ... okay on input line 31.
LaTeX Font Info:    Checking defaults for U/cmr/m/n on input line 31.
LaTeX Font Info:    ... okay on input line 31.
 (/usr/share/texlive/texmf-dist/tex/context/base/mkii/supp-pdf.mkii
[Loading MPS to PDF converter (version 2006.09.02).]
\scratchcounter=\count301
\scratchdimen=\dimen289
\scratchbox=\box116
\nofMPsegments=\count302
\nofMParguments=\count303
\everyMPshowfont=\toks52
\MPscratchCnt=\count304
\MPscratchDim=\dimen290
\MPnumerator=\count305
\makeMPintoPDFobject=\count306
\everyMPtoPDFconversion=\toks53
) (/usr/share/texlive/texmf-dist/tex/latex/epstopdf-pkg/epstopdf-base.sty
Package: epstopdf-base 2020-01-24 v2.11 Base part for package epstopdf
Package epstopdf-base Info: Redefining graphics rule for `.eps' on input line 4
85.

(/usr/share/texlive/texmf-dist/tex/latex/latexconfig/epstopdf-sys.cfg
File: epstopdf-sys.cfg 2010/07/13 v1.3 Configuration of (r)epstopdf for TeX Liv
e
))
ABD: EveryShipout initializing macros
Package pgfplots notification 'compat/show suggested version=true': you might b
enefit from \pgfplotsset{compat=1.16} (current compat level: 1.5.1).

LaTeX Font Info:    Trying to load font information for U+msa on input line 48.

(/usr/share/texlive/texmf-dist/tex/latex/amsfonts/umsa.fd
File: umsa.fd 2013/01/14 v3.01 AMS symbols A
)
LaTeX Font Info:    Trying to load font information for U+msb on input line 48.


(/usr/share/texlive/texmf-dist/tex/latex/amsfonts/umsb.fd
File: umsb.fd 2013/01/14 v3.01 AMS symbols B
) [1



{/var/lib/texmf/fonts/map/pdftex/updmap/pdftex.map}] [2] (./main.toc)
\tf@toc=\write6
\openout6 = `main.toc'.

 [3

] [4

]
Chapter 1.

Overfull \hbox (12.72499pt too wide) in paragraph at lines 62--63
[]\OT1/cmr/m/n/12 Data questa pre-messa, pos-si-amo far cor-rispon-dere le op-e
r-azioni in-siemistiche
 []


Underfull \hbox (badness 10000) in paragraph at lines 74--74
[]|\OT1/cmr/bx/n/12 Complementazione
 []


Overfull \hbox (4.28581pt too wide) in paragraph at lines 65--77
 [] 
 []

[1

] [2

]
Chapter 2.
[3]
Underfull \hbox (badness 10000) in paragraph at lines 115--119

 []


Underfull \hbox (badness 1292) in paragraph at lines 135--136
 \OT1/cmr/bx/n/12 Dis-tribuzione bi-no-mi-ale[] \OT1/cmr/m/n/12 dis-ribuzione d
el nu-mero di suc-cessi,
 []

[4] [5] [6] [7]
Underfull \hbox (badness 10000) in paragraph at lines 294--302

 []


Underfull \hbox (badness 10000) in paragraph at lines 294--302

 []


Underfull \hbox (badness 10000) in paragraph at lines 294--302

 []


Underfull \hbox (badness 10000) in paragraph at lines 294--302

 []


Underfull \hbox (badness 10000) in paragraph at lines 294--302

 []

[8]
Underfull \hbox (badness 10000) in paragraph at lines 341--349

 []


Underfull \hbox (badness 10000) in paragraph at lines 341--349

 []


Underfull \hbox (badness 10000) in paragraph at lines 341--349

 []


Underfull \hbox (badness 10000) in paragraph at lines 341--349

 []


Underfull \hbox (badness 10000) in paragraph at lines 341--349

 []

[9]
Overfull \hbox (0.54872pt too wide) in paragraph at lines 376--377
[]\OT1/cmr/m/n/12 Ma pos-si-amo ridurci al prob-lema prece-dente, spo-stando l'
origine nel punto
 []

Missing character: There is no ] in font nullfont!
[10]
Overfull \hbox (19.63153pt too wide) detected at line 446
\OMS/cmsy/m/n/12 ) \OT1/cmr/m/n/12 1 \OMS/cmsy/m/n/12 ^^@ \OML/cmm/m/it/12 f[] 
\OMS/cmsy/m/n/12 ^^@ \OML/cmm/m/it/12 f[] \OMS/cmsy/m/n/12 ^^@ \OML/cmm/m/it/12
 ::: \OMS/cmsy/m/n/12 ^^@ \OML/cmm/m/it/12 f[] \OT1/cmr/m/n/12 = 1 \OMS/cmsy/m/
n/12 ^^@ \OT1/cmr/m/n/12 (\OML/cmm/m/it/12 u[] \OMS/cmsy/m/n/12 ^^@ \OML/cmm/m/
it/12 u[]\OT1/cmr/m/n/12 ) \OMS/cmsy/m/n/12 ^^@ \OT1/cmr/m/n/12 (\OML/cmm/m/it/
12 u[]\OT1/cmr/m/n/12 ) \OMS/cmsy/m/n/12 ^^@ \OML/cmm/m/it/12 u[] \OMS/cmsy/m/n
/12 ^^@ \OML/cmm/m/it/12 ::: \OMS/cmsy/m/n/12 ^^@ \OT1/cmr/m/n/12 (\OML/cmm/m/i
t/12 u[] \OMS/cmsy/m/n/12 ^^@ \OML/cmm/m/it/12 u[]\OT1/cmr/m/n/12 ) = \OML/cmm/
m/it/12 u[]: [][]
 []


Underfull \hbox (badness 10000) in paragraph at lines 450--454

 []

[11]
Overfull \hbox (68.10083pt too wide) detected at line 466
[]
 []


Overfull \hbox (39.09659pt too wide) in paragraph at lines 496--497
[][] 
 []


Underfull \hbox (badness 10000) in paragraph at lines 503--511

 []


Underfull \hbox (badness 10000) in paragraph at lines 503--511

 []


Underfull \hbox (badness 10000) in paragraph at lines 503--511

 []


Underfull \hbox (badness 10000) in paragraph at lines 503--511

 []


Underfull \hbox (badness 10000) in paragraph at lines 503--511

 []

[12]
Underfull \hbox (badness 10000) in alignment at lines 537--537
[][] 
 []

[13]
Overfull \hbox (46.72401pt too wide) in paragraph at lines 567--576
 [] 
 []


Underfull \hbox (badness 10000) in alignment at lines 582--582
[][] 
 []


Overfull \vbox (20.88829pt too high) has occurred while \output is active []


[14]
Overfull \hbox (6.16496pt too wide) in paragraph at lines 607--608
[]\OT1/cmr/m/n/12 Da questa for-mula si vede che l'istogramma ^^Re vi-cino alla
 fun-zione $[]$: 
 []

NOTE: coordinate (2Y2.0e0],3Y0.0e0]) has been dropped because it is unbounded (
in y). (see also unbounded coords=jump). 
NOTE: coordinate (2Y1.9595961e0],3Y0.0e0]) has been dropped because it is unbou
nded (in y). (see also unbounded coords=jump). 
NOTE: coordinate (2Y1.9191922e0],3Y0.0e0]) has been dropped because it is unbou
nded (in y). (see also unbounded coords=jump). 
NOTE: coordinate (2Y1.8787883e0],3Y0.0e0]) has been dropped because it is unbou
nded (in y). (see also unbounded coords=jump). 
NOTE: coordinate (2Y1.8383844e0],3Y0.0e0]) has been dropped because it is unbou
nded (in y). (see also unbounded coords=jump). 
NOTE: coordinate (2Y1.7979805e0],3Y0.0e0]) has been dropped because it is unbou
nded (in y). (see also unbounded coords=jump). 
NOTE: coordinate (2Y1.7575766e0],3Y0.0e0]) has been dropped because it is unbou
nded (in y). (see also unbounded coords=jump). 
NOTE: coordinate (2Y1.7171727e0],3Y0.0e0]) has been dropped because it is unbou
nded (in y). (see also unbounded coords=jump). 
NOTE: coordinate (2Y1.6767688e0],3Y0.0e0]) has been dropped because it is unbou
nded (in y). (see also unbounded coords=jump). 
NOTE: coordinate (2Y1.6363649e0],3Y0.0e0]) has been dropped because it is unbou
nded (in y). (see also unbounded coords=jump). 
NOTE: coordinate (2Y1.595961e0],3Y0.0e0]) has been dropped because it is unboun
ded (in y). (see also unbounded coords=jump). 
NOTE: coordinate (2Y1.5555571e0],3Y0.0e0]) has been dropped because it is unbou
nded (in y). (see also unbounded coords=jump). 
NOTE: coordinate (2Y1.5151532e0],3Y0.0e0]) has been dropped because it is unbou
nded (in y). (see also unbounded coords=jump). 
NOTE: coordinate (2Y1.4747493e0],3Y0.0e0]) has been dropped because it is unbou
nded (in y). (see also unbounded coords=jump). 
NOTE: coordinate (2Y1.4343454e0],3Y0.0e0]) has been dropped because it is unbou
nded (in y). (see also unbounded coords=jump). 
NOTE: coordinate (2Y1.3939415e0],3Y0.0e0]) has been dropped because it is unbou
nded (in y). (see also unbounded coords=jump). 
NOTE: coordinate (2Y1.3535376e0],3Y0.0e0]) has been dropped because it is unbou
nded (in y). (see also unbounded coords=jump). 
NOTE: coordinate (2Y1.3131337e0],3Y0.0e0]) has been dropped because it is unbou
nded (in y). (see also unbounded coords=jump). 
NOTE: coordinate (2Y1.2727298e0],3Y0.0e0]) has been dropped because it is unbou
nded (in y). (see also unbounded coords=jump). 
NOTE: coordinate (2Y1.2323259e0],3Y0.0e0]) has been dropped because it is unbou
nded (in y). (see also unbounded coords=jump). 
NOTE: coordinate (2Y1.191922e0],3Y0.0e0]) has been dropped because it is unboun
ded (in y). (see also unbounded coords=jump). 
NOTE: coordinate (2Y1.1515181e0],3Y0.0e0]) has been dropped because it is unbou
nded (in y). (see also unbounded coords=jump). 
NOTE: coordinate (2Y1.1111142e0],3Y0.0e0]) has been dropped because it is unbou
nded (in y). (see also unbounded coords=jump). 
NOTE: coordinate (2Y1.0707103e0],3Y0.0e0]) has been dropped because it is unbou
nded (in y). (see also unbounded coords=jump). 
NOTE: coordinate (2Y1.0303064e0],3Y0.0e0]) has been dropped because it is unbou
nded (in y). (see also unbounded coords=jump). 
NOTE: coordinate (2Y9.899025e-1],3Y0.0e0]) has been dropped because it is unbou
nded (in y). (see also unbounded coords=jump). 
NOTE: coordinate (2Y9.494986e-1],3Y0.0e0]) has been dropped because it is unbou
nded (in y). (see also unbounded coords=jump). 
NOTE: coordinate (2Y9.090947e-1],3Y0.0e0]) has been dropped because it is unbou
nded (in y). (see also unbounded coords=jump). 
NOTE: coordinate (2Y8.686908e-1],3Y0.0e0]) has been dropped because it is unbou
nded (in y). (see also unbounded coords=jump). 
NOTE: coordinate (2Y8.282869e-1],3Y0.0e0]) has been dropped because it is unbou
nded (in y). (see also unbounded coords=jump). 
NOTE: coordinate (2Y7.87883e-1],3Y0.0e0]) has been dropped because it is unboun
ded (in y). (see also unbounded coords=jump). 
NOTE: coordinate (2Y7.474791e-1],3Y0.0e0]) has been dropped because it is unbou
nded (in y). (see also unbounded coords=jump). 
NOTE: coordinate (2Y7.070752e-1],3Y0.0e0]) has been dropped because it is unbou
nded (in y). (see also unbounded coords=jump). 
NOTE: coordinate (2Y6.666713e-1],3Y0.0e0]) has been dropped because it is unbou
nded (in y). (see also unbounded coords=jump). 
NOTE: coordinate (2Y6.262674e-1],3Y0.0e0]) has been dropped because it is unbou
nded (in y). (see also unbounded coords=jump). 
NOTE: coordinate (2Y5.858635e-1],3Y0.0e0]) has been dropped because it is unbou
nded (in y). (see also unbounded coords=jump). 
NOTE: coordinate (2Y5.454596e-1],3Y0.0e0]) has been dropped because it is unbou
nded (in y). (see also unbounded coords=jump). 
NOTE: coordinate (2Y5.050557e-1],3Y0.0e0]) has been dropped because it is unbou
nded (in y). (see also unbounded coords=jump). 
NOTE: coordinate (2Y4.646518e-1],3Y0.0e0]) has been dropped because it is unbou
nded (in y). (see also unbounded coords=jump). 
NOTE: coordinate (2Y4.242479e-1],3Y0.0e0]) has been dropped because it is unbou
nded (in y). (see also unbounded coords=jump). 
NOTE: coordinate (2Y3.83844e-1],3Y0.0e0]) has been dropped because it is unboun
ded (in y). (see also unbounded coords=jump). 
NOTE: coordinate (2Y3.434401e-1],3Y0.0e0]) has been dropped because it is unbou
nded (in y). (see also unbounded coords=jump). 
NOTE: coordinate (2Y3.030362e-1],3Y0.0e0]) has been dropped because it is unbou
nded (in y). (see also unbounded coords=jump). 
NOTE: coordinate (2Y2.626323e-1],3Y0.0e0]) has been dropped because it is unbou
nded (in y). (see also unbounded coords=jump). 
NOTE: coordinate (2Y2.222284e-1],3Y0.0e0]) has been dropped because it is unbou
nded (in y). (see also unbounded coords=jump). 
NOTE: coordinate (2Y1.818245e-1],3Y0.0e0]) has been dropped because it is unbou
nded (in y). (see also unbounded coords=jump). 
NOTE: coordinate (2Y1.414206e-1],3Y0.0e0]) has been dropped because it is unbou
nded (in y). (see also unbounded coords=jump). 
NOTE: coordinate (2Y1.010167e-1],3Y0.0e0]) has been dropped because it is unbou
nded (in y). (see also unbounded coords=jump). 
NOTE: coordinate (2Y6.06128e-2],3Y0.0e0]) has been dropped because it is unboun
ded (in y). (see also unbounded coords=jump). 
NOTE: coordinate (2Y2.02089e-2],3Y0.0e0]) has been dropped because it is unboun
ded (in y). (see also unbounded coords=jump). 
NOTE: coordinate (1Y1.03029251e0],3Y0.0e0]) has been dropped because it is unbo
unded (in y). (see also unbounded coords=jump). 
NOTE: coordinate (1Y1.0706964e0],3Y0.0e0]) has been dropped because it is unbou
nded (in y). (see also unbounded coords=jump). 
NOTE: coordinate (1Y1.1111003e0],3Y0.0e0]) has been dropped because it is unbou
nded (in y). (see also unbounded coords=jump). 
NOTE: coordinate (1Y1.1515042e0],3Y0.0e0]) has been dropped because it is unbou
nded (in y). (see also unbounded coords=jump). 
NOTE: coordinate (1Y1.1919081e0],3Y0.0e0]) has been dropped because it is unbou
nded (in y). (see also unbounded coords=jump). 
NOTE: coordinate (1Y1.232312e0],3Y0.0e0]) has been dropped because it is unboun
ded (in y). (see also unbounded coords=jump). 
NOTE: coordinate (1Y1.2727159e0],3Y0.0e0]) has been dropped because it is unbou
nded (in y). (see also unbounded coords=jump). 
NOTE: coordinate (1Y1.3131198e0],3Y0.0e0]) has been dropped because it is unbou
nded (in y). (see also unbounded coords=jump). 
NOTE: coordinate (1Y1.3535237e0],3Y0.0e0]) has been dropped because it is unbou
nded (in y). (see also unbounded coords=jump). 
NOTE: coordinate (1Y1.3939276e0],3Y0.0e0]) has been dropped because it is unbou
nded (in y). (see also unbounded coords=jump). 
NOTE: coordinate (1Y1.4343315e0],3Y0.0e0]) has been dropped because it is unbou
nded (in y). (see also unbounded coords=jump). 
NOTE: coordinate (1Y1.4747354e0],3Y0.0e0]) has been dropped because it is unbou
nded (in y). (see also unbounded coords=jump). 
NOTE: coordinate (1Y1.5151393e0],3Y0.0e0]) has been dropped because it is unbou
nded (in y). (see also unbounded coords=jump). 
NOTE: coordinate (1Y1.5555432e0],3Y0.0e0]) has been dropped because it is unbou
nded (in y). (see also unbounded coords=jump). 
NOTE: coordinate (1Y1.5959471e0],3Y0.0e0]) has been dropped because it is unbou
nded (in y). (see also unbounded coords=jump). 
NOTE: coordinate (1Y1.636351e0],3Y0.0e0]) has been dropped because it is unboun
ded (in y). (see also unbounded coords=jump). 
NOTE: coordinate (1Y1.6767549e0],3Y0.0e0]) has been dropped because it is unbou
nded (in y). (see also unbounded coords=jump). 
NOTE: coordinate (1Y1.7171588e0],3Y0.0e0]) has been dropped because it is unbou
nded (in y). (see also unbounded coords=jump). 
NOTE: coordinate (1Y1.7575627e0],3Y0.0e0]) has been dropped because it is unbou
nded (in y). (see also unbounded coords=jump). 
NOTE: coordinate (1Y1.7979666e0],3Y0.0e0]) has been dropped because it is unbou
nded (in y). (see also unbounded coords=jump). 
NOTE: coordinate (1Y1.8383705e0],3Y0.0e0]) has been dropped because it is unbou
nded (in y). (see also unbounded coords=jump). 
NOTE: coordinate (1Y1.8787744e0],3Y0.0e0]) has been dropped because it is unbou
nded (in y). (see also unbounded coords=jump). 
NOTE: coordinate (1Y1.9191783e0],3Y0.0e0]) has been dropped because it is unbou
nded (in y). (see also unbounded coords=jump). 
NOTE: coordinate (1Y1.9595822e0],3Y0.0e0]) has been dropped because it is unbou
nded (in y). (see also unbounded coords=jump). 
NOTE: coordinate (1Y1.9999861e0],3Y0.0e0]) has been dropped because it is unbou
nded (in y). (see also unbounded coords=jump). 

Overfull \hbox (43.88326pt too wide) in paragraph at lines 621--622
[][] 
 []


Overfull \hbox (14.17926pt too wide) in paragraph at lines 629--630
[]\OT1/cmr/m/n/12 Questa ^^Re detta \OT1/cmr/bx/n/12 prima legge dell'arcoseno 
\OT1/cmr/m/n/12 perch^^Se la prim-i-tiva dell'integrale
 []

[15]
Underfull \hbox (badness 10000) in paragraph at lines 635--643

 []


Underfull \hbox (badness 10000) in paragraph at lines 635--643

 []


Underfull \hbox (badness 10000) in paragraph at lines 635--643

 []


Underfull \hbox (badness 10000) in paragraph at lines 635--643

 []


Underfull \hbox (badness 10000) in paragraph at lines 635--643

 []


Underfull \hbox (badness 10000) in alignment at lines 644--644
[][] 
 []

[16]
Overfull \hbox (2.52977pt too wide) in paragraph at lines 708--708
[]\OT1/cmr/bx/n/17.28 Problema della rov-ina del gio-ca-tore (gam-
 []

[17]
Underfull \hbox (badness 10000) in alignment at lines 718--718
[][] 
 []


Underfull \hbox (badness 10000) in alignment at lines 737--737
[][] 
 []


Overfull \hbox (87.98174pt too wide) detected at line 751
[]
 []

[18]
Overfull \hbox (27.71817pt too wide) has occurred while \output is active
\OT1/cmr/m/sl/12 2.4.  PROBLEMA DELLA ROVINA DEL GIOCATORE (GAMBLER'S RUIN) \OT
1/cmr/m/n/12 19
 []

[19]
Overfull \hbox (21.85524pt too wide) detected at line 785
[]
 []

[20]
Overfull \hbox (4.70381pt too wide) in paragraph at lines 810--810
[]\OT1/cmr/bx/n/17.28 Processi di di-ra-mazione di Galton-Watson
 []


Underfull \hbox (badness 10000) in alignment at lines 816--816
[][] 
 []


Underfull \hbox (badness 10000) in alignment at lines 817--817
[][] 
 []


Overfull \hbox (95.43271pt too wide) has occurred while \output is active
\OT1/cmr/m/sl/12 2.5.  PROCESSI DI DIRAMAZIONE DI GALTON-WATSON (BRANCHING PROC
ESSES) \OT1/cmr/m/n/12 21
 []

[21]
Underfull \hbox (badness 10000) in alignment at lines 846--846
[][] 
 []


Underfull \hbox (badness 10000) in alignment at lines 847--847
[][] 
 []

[22]
Underfull \hbox (badness 10000) in alignment at lines 848--848
[][] 
 []


Underfull \hbox (badness 10000) in paragraph at lines 850--856

 []


Underfull \hbox (badness 10000) in paragraph at lines 850--856

 []


Overfull \hbox (95.43271pt too wide) has occurred while \output is active
\OT1/cmr/m/sl/12 2.5.  PROCESSI DI DIRAMAZIONE DI GALTON-WATSON (BRANCHING PROC
ESSES) \OT1/cmr/m/n/12 23
 []

[23]
Overfull \hbox (119.06743pt too wide) detected at line 902
[]
 []


Overfull \hbox (9.81406pt too wide) in paragraph at lines 927--928
[][] 
 []


Underfull \vbox (badness 10000) has occurred while \output is active []

 [24]
Overfull \hbox (95.43271pt too wide) has occurred while \output is active
\OT1/cmr/m/sl/12 2.5.  PROCESSI DI DIRAMAZIONE DI GALTON-WATSON (BRANCHING PROC
ESSES) \OT1/cmr/m/n/12 25
 []

[25]
Overfull \hbox (14.49486pt too wide) in paragraph at lines 973--974
[]\OT1/cmr/m/n/12 Quindi $\OML/cmm/m/it/12 s \OT1/cmr/m/n/12 = 1$ ^^Re una solu
zione; ri-sol-vendo il sec-ondo el-e-mento dell'equazione
 []

[26] [27] [28

]
Chapter 3.
[29] [30]
Overfull \hbox (7.37227pt too wide) in paragraph at lines 1109--1110
[]\OT1/cmr/m/n/12 Possiamo fi-nal-mente cal-co-lare le prob-a-bilit^^Ra di pas-
sare da uno stato all'altro
 []

[31] [32] [33]
Underfull \hbox (badness 10000) in paragraph at lines 1254--1258

 []


Underfull \hbox (badness 10000) in paragraph at lines 1261--1267

 []


Underfull \hbox (badness 10000) in paragraph at lines 1261--1267

 []


Underfull \hbox (badness 10000) in paragraph at lines 1274--1278

 []


Underfull \hbox (badness 10000) in paragraph at lines 1289--1293

 []

[34]
Underfull \hbox (badness 10000) in paragraph at lines 1321--1325

 []


Underfull \hbox (badness 10000) in paragraph at lines 1321--1325

 []

[35]
Underfull \hbox (badness 10000) in paragraph at lines 1351--1355

 []


Underfull \hbox (badness 10000) in paragraph at lines 1351--1355

 []

[36] [37] [38]
Overfull \hbox (13.04909pt too wide) in paragraph at lines 1467--1468
[][] 
 []

[39] [40] [41]
Underfull \hbox (badness 10000) in paragraph at lines 1563--1568

 []


Underfull \hbox (badness 10000) in paragraph at lines 1563--1568

 []

[42]
Overfull \hbox (9.7126pt too wide) in paragraph at lines 1614--1615
[]\OT1/cmr/m/n/12 Queste re-lazioni ci di-cono che $\OML/cmm/m/it/12 u[]$ \OT1/
cmr/m/n/12 ^^Re una dis-tribuzione in-vari-ante o stazionaria,
 []

[43]
Underfull \hbox (badness 10000) in paragraph at lines 1668--1672

 []

[44]
Underfull \hbox (badness 10000) in alignment at lines 1686--1686
[][] 
 []

[45] [46]
Underfull \hbox (badness 10000) in paragraph at lines 1800--1805

 []

[47] [48]
Underfull \hbox (badness 10000) in paragraph at lines 1885--1893

 []


Underfull \hbox (badness 10000) in paragraph at lines 1885--1893

 []


Underfull \hbox (badness 10000) in paragraph at lines 1885--1893

 []


Underfull \hbox (badness 10000) in paragraph at lines 1885--1893

 []

[49]
Overfull \hbox (1.60612pt too wide) in paragraph at lines 1901--1902
\OT1/cmr/m/n/12 non torni a 0. Quindi in questo caso gli stati sono tran-si-ent
i. L'interpretazione
 []


Overfull \hbox (1.94463pt too wide) in paragraph at lines 1908--1909
[]\OT1/cmr/m/n/12 Se come dis-tribuzione in-iziale di-amo $\OML/cmm/m/it/12 u[]
$\OT1/cmr/m/n/12 , ai tempi suc-ces-sivi la dis-tribuzione
 []

[50]
Underfull \hbox (badness 10000) in paragraph at lines 1975--1980

 []


Underfull \hbox (badness 10000) in paragraph at lines 1975--1980

 []

[51] [52]
Underfull \hbox (badness 10000) in paragraph at lines 2046--2050

 []

[53] [54]
Overfull \hbox (60.0373pt too wide) has occurred while \output is active
\OT1/cmr/m/sl/12 3.6.  METODO MONTECARLO BASATO SULLE CATENE DI MARKOV (MCMC) \
OT1/cmr/m/n/12 55
 []

[55] [56]
Overfull \hbox (15.32585pt too wide) detected at line 2200
\OML/cmm/m/it/12 u[] \OT1/cmr/m/n/12 = \OML/cmm/m/it/12 k [] []   i \OMS/cmsy/m
/n/12 2 \OT1/cmr/m/n/12 ^^C
 []


Overfull \hbox (60.0373pt too wide) has occurred while \output is active
\OT1/cmr/m/sl/12 3.6.  METODO MONTECARLO BASATO SULLE CATENE DI MARKOV (MCMC) \
OT1/cmr/m/n/12 57
 []

[57]
Overfull \hbox (12.47601pt too wide) in paragraph at lines 2234--2235
[]\OT1/cmr/m/n/12 E una ver-sione dell'algoritmo di Metropolis-Hastings. Sup-po
ni-amo che l'insieme
 []

[58]
Chapter 4.

Overfull \hbox (17.32574pt too wide) in paragraph at lines 2269--2270
\OT1/cmr/m/n/12 Nelle catene di Markov con tempo con-tinuo as-sume im-por-tanza
 la \OT1/cmr/bx/n/12 dis-tribuzione
 []

[59

] [60]
Overfull \hbox (6.85005pt too wide) in paragraph at lines 2331--2332
[]\OT1/cmr/m/n/12 L'interpretazione della prob-a-bilit^^Ra ap-pena enun-ci-ata 
^^Re la seguente: sapendo
 []


Underfull \hbox (badness 10000) in paragraph at lines 2345--2350

 []


Underfull \hbox (badness 10000) in paragraph at lines 2345--2350

 []

[61]
Overfull \hbox (17.08096pt too wide) in paragraph at lines 2375--2376
[]\OT1/cmr/m/n/12 Possiamo es-ten-derlo al caso di $\OML/cmm/m/it/12 n$ \OT1/cm
r/m/n/12 vari-abili aleato-rie in-dipen-denti $\OML/cmm/m/it/12 X[]; X[]; :::; 
X[]$
 []

[62]
Overfull \hbox (0.24806pt too wide) in paragraph at lines 2424--2425
[]\OT1/cmr/m/n/12 Supponiamo di avere una vari-abile aleato-ria $\OML/cmm/m/it/
12 X$ \OT1/cmr/m/n/12 in-dipen-dente da $\OML/cmm/m/it/12 X[]; :::; X[]$\OT1/cm
r/m/n/12 . 
 []

[63] [64] [65]
Overfull \hbox (5.96255pt too wide) in paragraph at lines 2496--2497
\OT1/cmr/m/n/12 In gen-erale cosa suc-cede se fac-ciamo la somma di $\OML/cmm/m
/it/12 n$ \OT1/cmr/m/n/12 vari-abili aleato-rie $\OML/cmm/m/it/12 X[]; :::; X[]
$
 []

[66] (./main.aux) ) 
Here is how much of TeX's memory you used:
 26404 strings out of 483172
 665887 string characters out of 5965816
 1069213 words of memory out of 5000000
 41021 multiletter control sequences out of 15000+600000
 543525 words of font info for 66 fonts, out of 8000000 for 9000
 14 hyphenation exceptions out of 8191
 69i,18n,103p,828b,2012s stack positions out of 5000i,500n,10000p,200000b,80000s
 </home/simone/.texlive2019/texmf-var/fonts/pk/ljfour/jknapp
en/ec/tcrm1200.600pk></usr/share/texlive/texmf-dist/fonts/type1/public/amsfonts
/cm/cmbx12.pfb></usr/share/texlive/texmf-dist/fonts/type1/public/amsfonts/cm/cm
ex10.pfb></usr/share/texlive/texmf-dist/fonts/type1/public/amsfonts/cmextra/cme
x8.pfb></usr/share/texlive/texmf-dist/fonts/type1/public/amsfonts/cm/cmmi12.pfb
></usr/share/texlive/texmf-dist/fonts/type1/public/amsfonts/cm/cmmi6.pfb></usr/
share/texlive/texmf-dist/fonts/type1/public/amsfonts/cm/cmmi8.pfb></usr/share/t
exlive/texmf-dist/fonts/type1/public/amsfonts/cm/cmr10.pfb></usr/share/texlive/
texmf-dist/fonts/type1/public/amsfonts/cm/cmr12.pfb></usr/share/texlive/texmf-d
ist/fonts/type1/public/amsfonts/cm/cmr17.pfb></usr/share/texlive/texmf-dist/fon
ts/type1/public/amsfonts/cm/cmr6.pfb></usr/share/texlive/texmf-dist/fonts/type1
/public/amsfonts/cm/cmr8.pfb></usr/share/texlive/texmf-dist/fonts/type1/public/
amsfonts/cm/cmsl12.pfb></usr/share/texlive/texmf-dist/fonts/type1/public/amsfon
ts/cm/cmsy10.pfb></usr/share/texlive/texmf-dist/fonts/type1/public/amsfonts/cm/
cmsy6.pfb></usr/share/texlive/texmf-dist/fonts/type1/public/amsfonts/cm/cmsy8.p
fb></usr/share/texlive/texmf-dist/fonts/type1/public/amsfonts/cm/cmti12.pfb></u
sr/share/texlive/texmf-dist/fonts/type1/public/amsfonts/cm/cmtt12.pfb></usr/sha
re/texlive/texmf-dist/fonts/type1/public/amsfonts/latxfont/line10.pfb></usr/sha
re/texlive/texmf-dist/fonts/type1/public/amsfonts/symbols/msbm10.pfb>
Output written on main.pdf (70 pages, 380467 bytes).
PDF statistics:
 315 PDF objects out of 1000 (max. 8388607)
 220 compressed objects within 3 object streams
 0 named destinations out of 1000 (max. 500000)
 13 words of extra memory for PDF output out of 10000 (max. 10000000)

